TN:
SF:/Users/udayakanthsripada/Documents/Projects/ionic2-seed-project/www/build/test/models/click.js
FN:2,(anonymous_1)
FN:3,Click
FN:7,(anonymous_3)
FN:10,(anonymous_4)
FNF:4
FNH:4
FNDA:1,(anonymous_1)
FNDA:65,Click
FNDA:2,(anonymous_3)
FNDA:2,(anonymous_4)
DA:2,1
DA:3,1
DA:4,65
DA:5,65
DA:7,1
DA:8,2
DA:10,1
DA:11,2
DA:13,1
DA:15,1
LF:10
LH:10
BRDA:4,1,0,65
BRDA:4,1,1,2
BRDA:5,2,0,65
BRDA:5,2,1,2
BRF:4
BRH:4
end_of_record
TN:
SF:/Users/udayakanthsripada/Documents/Projects/ionic2-seed-project/www/build/test/models/clicker.js
FN:4,(anonymous_1)
FN:5,Clicker
FN:10,(anonymous_3)
FN:13,(anonymous_4)
FN:16,(anonymous_5)
FN:19,(anonymous_6)
FN:22,(anonymous_7)
FNF:7
FNH:7
FNDA:1,(anonymous_1)
FNDA:41,Clicker
FNDA:1,(anonymous_3)
FNDA:62,(anonymous_4)
FNDA:2,(anonymous_5)
FNDA:7,(anonymous_6)
FNDA:3,(anonymous_7)
DA:2,1
DA:4,1
DA:5,1
DA:6,41
DA:7,41
DA:8,41
DA:10,1
DA:11,1
DA:13,1
DA:14,62
DA:16,1
DA:17,2
DA:19,1
DA:20,7
DA:22,1
DA:23,3
DA:25,1
DA:27,1
LF:18
LH:18
BRF:0
BRH:0
end_of_record
TN:
SF:/Users/udayakanthsripada/Documents/Projects/ionic2-seed-project/www/build/test/app.js
FN:2,(anonymous_1)
FN:8,(anonymous_2)
FN:14,(anonymous_3)
FN:15,ClickerApp
FN:26,(anonymous_5)
FN:27,(anonymous_6)
FN:44,(anonymous_7)
FNF:7
FNH:6
FNDA:1,(anonymous_1)
FNDA:1,(anonymous_2)
FNDA:1,(anonymous_3)
FNDA:4,ClickerApp
FNDA:4,(anonymous_5)
FNDA:0,(anonymous_6)
FNDA:1,(anonymous_7)
DA:2,1
DA:3,1
DA:4,1
DA:5,0
DA:6,1
DA:8,1
DA:9,1
DA:11,1
DA:12,1
DA:13,1
DA:14,1
DA:15,1
DA:16,4
DA:17,4
DA:18,4
DA:19,4
DA:21,4
DA:26,1
DA:27,4
DA:44,1
DA:46,1
DA:48,1
DA:51,1
DA:58,1
DA:60,1
LF:25
LH:24
BRDA:2,1,0,1
BRDA:2,1,1,1
BRDA:2,1,2,1
BRDA:3,2,0,1
BRDA:3,2,1,0
BRDA:3,3,0,0
BRDA:3,3,1,0
BRDA:4,4,0,1
BRDA:4,4,1,0
BRDA:4,5,0,1
BRDA:4,5,1,1
BRDA:5,6,0,0
BRDA:5,6,1,0
BRDA:5,7,0,0
BRDA:5,7,1,0
BRDA:5,8,0,0
BRDA:5,8,1,0
BRDA:5,9,0,0
BRDA:5,9,1,0
BRDA:6,10,0,1
BRDA:6,10,1,0
BRDA:6,10,2,0
BRDA:8,11,0,1
BRDA:8,11,1,1
BRDA:8,11,2,1
BRDA:9,12,0,1
BRDA:9,12,1,0
BRDA:9,13,0,1
BRDA:9,13,1,1
BRF:29
BRH:14
end_of_record
TN:
SF:/Users/udayakanthsripada/Documents/Projects/ionic2-seed-project/www/build/test/pages/clickerList/clickerList.js
FN:2,(anonymous_1)
FN:8,(anonymous_2)
FN:15,(anonymous_3)
FN:16,ClickerList
FNF:4
FNH:4
FNDA:1,(anonymous_1)
FNDA:1,(anonymous_2)
FNDA:1,(anonymous_3)
FNDA:1,ClickerList
DA:2,1
DA:3,1
DA:4,1
DA:5,0
DA:6,1
DA:8,1
DA:9,1
DA:11,1
DA:12,1
DA:13,1
DA:14,1
DA:15,1
DA:16,1
DA:17,1
DA:18,1
DA:19,1
DA:21,1
DA:29,1
DA:31,1
LF:19
LH:18
BRDA:2,1,0,1
BRDA:2,1,1,1
BRDA:2,1,2,1
BRDA:3,2,0,1
BRDA:3,2,1,0
BRDA:3,3,0,0
BRDA:3,3,1,0
BRDA:4,4,0,1
BRDA:4,4,1,0
BRDA:4,5,0,1
BRDA:4,5,1,1
BRDA:5,6,0,0
BRDA:5,6,1,0
BRDA:5,7,0,0
BRDA:5,7,1,0
BRDA:5,8,0,0
BRDA:5,8,1,0
BRDA:5,9,0,0
BRDA:5,9,1,0
BRDA:6,10,0,1
BRDA:6,10,1,0
BRDA:6,10,2,0
BRDA:8,11,0,1
BRDA:8,11,1,1
BRDA:8,11,2,1
BRDA:9,12,0,1
BRDA:9,12,1,0
BRDA:9,13,0,1
BRDA:9,13,1,1
BRF:29
BRH:14
end_of_record
TN:
SF:/Users/udayakanthsripada/Documents/Projects/ionic2-seed-project/www/build/test/services/clickers.js
FN:2,(anonymous_1)
FN:8,(anonymous_2)
FN:15,(anonymous_3)
FN:16,Clickers
FN:22,(anonymous_5)
FN:23,(anonymous_6)
FN:24,(anonymous_7)
FN:27,(anonymous_8)
FN:29,(anonymous_9)
FN:32,(anonymous_10)
FN:36,(anonymous_11)
FN:40,(anonymous_12)
FN:43,(anonymous_13)
FN:48,(anonymous_14)
FN:56,(anonymous_15)
FN:66,(anonymous_16)
FN:69,(anonymous_17)
FN:70,(anonymous_18)
FN:72,(anonymous_19)
FN:75,(anonymous_20)
FN:88,(anonymous_21)
FN:90,(anonymous_22)
FN:92,(anonymous_23)
FN:98,(anonymous_24)
FN:104,(anonymous_25)
FNF:25
FNH:24
FNDA:1,(anonymous_1)
FNDA:1,(anonymous_2)
FNDA:1,(anonymous_3)
FNDA:11,Clickers
FNDA:11,(anonymous_5)
FNDA:11,(anonymous_6)
FNDA:11,(anonymous_7)
FNDA:13,(anonymous_8)
FNDA:13,(anonymous_9)
FNDA:13,(anonymous_10)
FNDA:13,(anonymous_11)
FNDA:13,(anonymous_12)
FNDA:13,(anonymous_13)
FNDA:36,(anonymous_14)
FNDA:37,(anonymous_15)
FNDA:0,(anonymous_16)
FNDA:3,(anonymous_17)
FNDA:2,(anonymous_18)
FNDA:5,(anonymous_19)
FNDA:3,(anonymous_20)
FNDA:1,(anonymous_21)
FNDA:1,(anonymous_22)
FNDA:1,(anonymous_23)
FNDA:1,(anonymous_24)
FNDA:3,(anonymous_25)
DA:2,1
DA:3,1
DA:4,1
DA:5,0
DA:6,1
DA:8,1
DA:9,1
DA:11,1
DA:12,1
DA:13,1
DA:14,1
DA:15,1
DA:16,1
DA:17,11
DA:18,11
DA:19,11
DA:20,11
DA:21,11
DA:22,11
DA:23,11
DA:24,11
DA:27,1
DA:28,13
DA:29,13
DA:30,13
DA:31,13
DA:34,13
DA:36,13
DA:40,1
DA:41,13
DA:43,13
DA:44,13
DA:45,13
DA:46,36
DA:47,36
DA:49,36
DA:52,13
DA:56,1
DA:57,37
DA:58,37
DA:60,37
DA:61,62
DA:62,62
DA:64,37
DA:66,1
DA:67,0
DA:69,1
DA:70,3
DA:72,1
DA:73,5
DA:75,1
DA:76,3
DA:77,3
DA:79,3
DA:81,3
DA:83,3
DA:85,3
DA:86,3
DA:88,1
DA:90,1
DA:92,1
DA:94,1
DA:96,1
DA:98,1
DA:99,1
DA:100,1
DA:102,1
DA:104,1
DA:105,3
DA:107,1
DA:111,1
DA:113,1
LF:72
LH:70
BRDA:2,1,0,1
BRDA:2,1,1,1
BRDA:2,1,2,1
BRDA:3,2,0,1
BRDA:3,2,1,0
BRDA:3,3,0,0
BRDA:3,3,1,0
BRDA:4,4,0,1
BRDA:4,4,1,0
BRDA:4,5,0,1
BRDA:4,5,1,1
BRDA:5,6,0,0
BRDA:5,6,1,0
BRDA:5,7,0,0
BRDA:5,7,1,0
BRDA:5,8,0,0
BRDA:5,8,1,0
BRDA:5,9,0,0
BRDA:5,9,1,0
BRDA:6,10,0,1
BRDA:6,10,1,0
BRDA:6,10,2,0
BRDA:8,11,0,1
BRDA:8,11,1,1
BRDA:8,11,2,1
BRDA:9,12,0,1
BRDA:9,12,1,0
BRDA:9,13,0,1
BRDA:9,13,1,1
BRDA:34,14,0,13
BRDA:34,14,1,0
BRF:31
BRH:15
end_of_record
TN:
SF:/Users/udayakanthsripada/Documents/Projects/ionic2-seed-project/www/build/test/components/clickerButton/clickerButton.js
FN:2,(anonymous_1)
FN:8,(anonymous_2)
FN:14,(anonymous_3)
FN:15,ClickerButton
FNF:4
FNH:4
FNDA:1,(anonymous_1)
FNDA:1,(anonymous_2)
FNDA:1,(anonymous_3)
FNDA:3,ClickerButton
DA:2,1
DA:3,1
DA:4,1
DA:5,0
DA:6,1
DA:8,1
DA:9,1
DA:11,1
DA:12,1
DA:13,1
DA:14,1
DA:15,1
DA:16,3
DA:18,1
DA:29,1
DA:31,1
LF:16
LH:15
BRDA:2,1,0,1
BRDA:2,1,1,1
BRDA:2,1,2,1
BRDA:3,2,0,1
BRDA:3,2,1,0
BRDA:3,3,0,0
BRDA:3,3,1,0
BRDA:4,4,0,1
BRDA:4,4,1,0
BRDA:4,5,0,1
BRDA:4,5,1,1
BRDA:5,6,0,0
BRDA:5,6,1,0
BRDA:5,7,0,0
BRDA:5,7,1,0
BRDA:5,8,0,0
BRDA:5,8,1,0
BRDA:5,9,0,0
BRDA:5,9,1,0
BRDA:6,10,0,1
BRDA:6,10,1,0
BRDA:6,10,2,0
BRDA:8,11,0,1
BRDA:8,11,1,1
BRDA:8,11,2,1
BRDA:9,12,0,1
BRDA:9,12,1,0
BRDA:9,13,0,1
BRDA:9,13,1,1
BRF:29
BRH:14
end_of_record
TN:
SF:/Users/udayakanthsripada/Documents/Projects/ionic2-seed-project/www/build/test/components/clickerForm/clickerForm.js
FN:2,(anonymous_1)
FN:8,(anonymous_2)
FN:16,(anonymous_3)
FN:17,ClickerForm
FN:24,(anonymous_5)
FNF:5
FNH:5
FNDA:1,(anonymous_1)
FNDA:1,(anonymous_2)
FNDA:1,(anonymous_3)
FNDA:3,ClickerForm
FNDA:2,(anonymous_5)
DA:2,1
DA:3,1
DA:4,1
DA:5,0
DA:6,1
DA:8,1
DA:9,1
DA:11,1
DA:12,1
DA:13,1
DA:14,1
DA:15,1
DA:16,1
DA:17,1
DA:18,3
DA:19,3
DA:22,3
DA:24,1
DA:27,2
DA:28,2
DA:29,1
DA:31,1
DA:33,1
DA:34,1
DA:36,1
DA:46,1
DA:48,1
LF:27
LH:26
BRDA:2,1,0,1
BRDA:2,1,1,1
BRDA:2,1,2,1
BRDA:3,2,0,1
BRDA:3,2,1,0
BRDA:3,3,0,0
BRDA:3,3,1,0
BRDA:4,4,0,1
BRDA:4,4,1,0
BRDA:4,5,0,1
BRDA:4,5,1,1
BRDA:5,6,0,0
BRDA:5,6,1,0
BRDA:5,7,0,0
BRDA:5,7,1,0
BRDA:5,8,0,0
BRDA:5,8,1,0
BRDA:5,9,0,0
BRDA:5,9,1,0
BRDA:6,10,0,1
BRDA:6,10,1,0
BRDA:6,10,2,0
BRDA:8,11,0,1
BRDA:8,11,1,1
BRDA:8,11,2,1
BRDA:9,12,0,1
BRDA:9,12,1,0
BRDA:9,13,0,1
BRDA:9,13,1,1
BRDA:28,14,0,1
BRDA:28,14,1,1
BRF:31
BRH:16
end_of_record
TN:
SF:/Users/udayakanthsripada/Documents/Projects/ionic2-seed-project/www/build/test/services/utils.js
FN:2,(anonymous_1)
FN:3,Utils
FN:5,(anonymous_3)
FN:8,(anonymous_4)
FN:13,(anonymous_5)
FNF:5
FNH:2
FNDA:1,(anonymous_1)
FNDA:0,Utils
FNDA:0,(anonymous_3)
FNDA:0,(anonymous_4)
FNDA:2,(anonymous_5)
DA:2,1
DA:3,1
DA:5,1
DA:6,0
DA:8,0
DA:13,1
DA:14,2
DA:15,2
DA:16,2
DA:17,2
DA:18,2
DA:20,2
DA:22,1
DA:24,1
LF:14
LH:12
BRF:0
BRH:0
end_of_record
TN:
SF:/Users/udayakanthsripada/Documents/Projects/ionic2-seed-project/www/build/test/pages/page2/page2.js
FN:2,(anonymous_1)
FN:8,(anonymous_2)
FN:12,(anonymous_3)
FN:13,Page2
FNF:4
FNH:3
FNDA:1,(anonymous_1)
FNDA:1,(anonymous_2)
FNDA:1,(anonymous_3)
FNDA:0,Page2
DA:2,1
DA:3,1
DA:4,1
DA:5,0
DA:6,1
DA:8,1
DA:9,1
DA:11,1
DA:12,1
DA:13,1
DA:16,1
DA:22,1
DA:24,1
LF:13
LH:12
BRDA:2,1,0,1
BRDA:2,1,1,1
BRDA:2,1,2,1
BRDA:3,2,0,1
BRDA:3,2,1,0
BRDA:3,3,0,0
BRDA:3,3,1,0
BRDA:4,4,0,1
BRDA:4,4,1,0
BRDA:4,5,0,1
BRDA:4,5,1,1
BRDA:5,6,0,0
BRDA:5,6,1,0
BRDA:5,7,0,0
BRDA:5,7,1,0
BRDA:5,8,0,0
BRDA:5,8,1,0
BRDA:5,9,0,0
BRDA:5,9,1,0
BRDA:6,10,0,1
BRDA:6,10,1,0
BRDA:6,10,2,0
BRDA:8,11,0,1
BRDA:8,11,1,1
BRDA:8,11,2,1
BRDA:9,12,0,1
BRDA:9,12,1,0
BRDA:9,13,0,1
BRDA:9,13,1,1
BRF:29
BRH:14
end_of_record
TN:
SF:/Users/udayakanthsripada/Documents/Projects/ionic2-seed-project/www/build/test/testUtils.js
FN:2,(anonymous_1)
FN:3,TestUtils
FN:6,(anonymous_3)
FNF:3
FNH:2
FNDA:1,(anonymous_1)
FNDA:0,TestUtils
FNDA:1,(anonymous_3)
DA:2,1
DA:3,1
DA:6,1
DA:7,1
DA:8,0
DA:11,1
DA:12,1
DA:13,1
DA:16,1
DA:18,1
LF:10
LH:9
BRDA:7,1,0,0
BRDA:7,1,1,1
BRF:2
BRH:1
end_of_record
